<?xml version="1.0" encoding="UTF-8"?>
<!-- Generated by org.testng.reporters.JUnitReportReporter -->
<testsuite hostname="DESKTOP-2MLQF5D" failures="0" tests="1" name="com.demo.TestRunner" time="17.536" errors="0" timestamp="2022-01-06T22:42:38 CST" skipped="0">
  <testcase classname="com.demo.TestRunner" name="runScenario" time="17.536"/>
  <system-out/>
</testsuite> <!-- com.demo.TestRunner -->
